INFO     - 2024-03-17 01:02:34. Широта: 53.479782, Долгота: 49.484156, Радиус 5_000 м., Запрос: "кофе" 
Название: 5-й подъездъ
Страна:   RU
Адрес:    Матросова, 1 (Коммунистическая ул., 67), 445012, Тольятти
Рейтинг:  7.3
-------------------------------------------------------------------
Название: Coffee Like
Страна:   RU
Адрес:    Ул. Баныкина, 74 (Комсомольская ул.), 445054, Тольятти
Рейтинг:  6.7
----------------------------------------------------------------
Название: Чеширский Кот
Страна:   RU
Адрес:    ул. Баныкина, 74, Тольятти
Рейтинг:  7.2
------------------------------------
Название: Ловчий
Страна:   RU
Адрес:    Коваленко Ул., д. 73, 445013, Тольятти
Рейтинг:  7.8
------------------------------------------------
Название: Речник
Страна:   RU
Адрес:    Коммунистическая, 92а, 445012, Тольятти
Рейтинг:  None
-------------------------------------------------
Название: Ау
Страна:   RU
Адрес:    Железнодорожная, 57, 445005, Тольятти
Рейтинг:  None
-----------------------------------------------
Название: Акварель
Страна:   RU
Адрес:    Комсомольская, 86ж, Тольятти
Рейтинг:  None
--------------------------------------
Название: Кофейня Vandal Coffee
Страна:   RU
Адрес:    Коммунистическая, 92г, 445012, Тольятти
Рейтинг:  None
-------------------------------------------------
Название: Cerutti, Кофейня
Страна:   RU
Адрес:    Баныкина, 32а, Тольятти
Рейтинг:  None
---------------------------------
Название: Чайно-кофейная лавка, ИП Леонова Н.И
Страна:   RU
Адрес:    Мира Ул., д. 113, -101 отдел, Тольятти
Рейтинг:  None
------------------------------------------------

INFO     - 2024-03-17 01:02:48. Широта: 53.1923, Долгота: 50.1461, Радиус 2_000 м., Запрос: "ресторан" 
Название: Carrie
Страна:   RU
Адрес:    Dachnaya, 2/1, aRussia, Самара
Рейтинг:  8.2
----------------------------------------
Название: Ресторан Важная птица
Страна:   RU
Адрес:    Мичурина Ул., д. 21 (Московское ш.), 443000, Самара
Рейтинг:  None
-------------------------------------------------------------
Название: Al-Halal
Страна:   RU
Адрес:    Коммунистическая Ул., д. 4б, Самара
Рейтинг:  7.6
---------------------------------------------
Название: Бар Лепрекон - Цены на услуги
Страна:   RU
Адрес:    Ново-Садовая Ул., д. 3 (Первомайская ул.), 443000, Самара
Рейтинг:  6.4
-------------------------------------------------------------------
Название: Кафе Люмьер
Страна:   RU
Адрес:    Чернореченская Ул., д. 38 (ул. Осипенко), 443013, Самара
Рейтинг:  5.8
------------------------------------------------------------------
Название: Фитнес-бар Ботек - Wellness
Страна:   RU
Адрес:    Карла Маркса Пр., 55, Самара
Рейтинг:  None
--------------------------------------
Название: Бычара
Страна:   RU
Адрес:    Буянова Ул., д. 135 Б, 443001, Самара
Рейтинг:  6.1
-----------------------------------------------
Название: Пряный барашек
Страна:   RU
Адрес:    Дачная Ул., д. 2 (Московское ш.), 443000, Самара
Рейтинг:  5.9
----------------------------------------------------------
Название: Каравелла
Страна:   RU
Адрес:    Пятигорская, 10а, Самара
Рейтинг:  None
----------------------------------
Название: Магазин Горпродукт №1
Страна:   RU
Адрес:    Чернореченская Ул., д. 49 А (Клиническая ул.), 443000, Самара
Рейтинг:  None
-----------------------------------------------------------------------

ERROR    - 2024-03-17 09:22:18. Функция "__set__().", Для переменной 'latitude' не соблюдается условие: -90 <= 200.0 <= 90
ERROR    - 2024-03-17 09:22:18. Функция "__set__().", Для переменной 'longitude' не соблюдается условие: -180 <= 300.0 <= 180
ERROR    - 2024-03-17 09:22:18. Функция "__set__().", Для переменной 'radius' не соблюдается условие: 50 <= 0 <= 100000
INFO     - 2024-03-17 09:22:19. Широта: 53.479782, Долгота: 49.484156, Радиус 5_000 м., Запрос: "кофе" 
Название: 5-й подъездъ
Страна:   RU
Адрес:    Матросова, 1 (Коммунистическая ул., 67), 445012, Тольятти
Рейтинг:  7.3
-------------------------------------------------------------------
Название: Coffee Like
Страна:   RU
Адрес:    Ул. Баныкина, 74 (Комсомольская ул.), 445054, Тольятти
Рейтинг:  6.7
----------------------------------------------------------------
Название: Чеширский Кот
Страна:   RU
Адрес:    ул. Баныкина, 74, Тольятти
Рейтинг:  7.2
------------------------------------
Название: Ловчий
Страна:   RU
Адрес:    Коваленко Ул., д. 73, 445013, Тольятти
Рейтинг:  7.8
------------------------------------------------
Название: Речник
Страна:   RU
Адрес:    Коммунистическая, 92а, 445012, Тольятти
Рейтинг:  None
-------------------------------------------------
Название: Ау
Страна:   RU
Адрес:    Железнодорожная, 57, 445005, Тольятти
Рейтинг:  None
-----------------------------------------------
Название: Акварель
Страна:   RU
Адрес:    Комсомольская, 86ж, Тольятти
Рейтинг:  None
--------------------------------------
Название: Кофейня Vandal Coffee
Страна:   RU
Адрес:    Коммунистическая, 92г, 445012, Тольятти
Рейтинг:  None
-------------------------------------------------
Название: Cerutti, Кофейня
Страна:   RU
Адрес:    Баныкина, 32а, Тольятти
Рейтинг:  None
---------------------------------
Название: Чайно-кофейная лавка, ИП Леонова Н.И
Страна:   RU
Адрес:    Мира Ул., д. 113, -101 отдел, Тольятти
Рейтинг:  None
------------------------------------------------

